<?xml version="1.0" encoding="UTF-8" ?>
<!DOCTYPE mapper PUBLIC "-//mybatis.org//DTD Mapper 3.0//EN" "http://mybatis.org/dtd/mybatis-3-mapper.dtd">

<mapper namespace="com.sh.test.TestRepository">

    <!-- ==================================================================================== -->
    <!-- 1. Result and Parameter Maps -->
    <!-- ==================================================================================== -->


    <!-- ==================================================================================== -->
    <!-- 2. Sql Fragments -->
    <!-- ==================================================================================== -->


    <!-- ==================================================================================== -->
    <!-- 3. Select Statement -->
    <!-- ==================================================================================== -->


    <!-- ==================================================================================== -->
    <!-- 3. Exist Statement -->
    <!-- ==================================================================================== -->


    <!-- ==================================================================================== -->
    <!-- 4. Insert Statements -->
    <!-- ==================================================================================== -->

    <insert id="createTest" parameterType="Map" useGeneratedKeys="true" keyProperty="id" keyColumn="ID">
        INSERT INTO TEST
        (ID,
        TEST_ID,
        TEST_TIME,
        TEST_VALUE)
        VALUES
        (null,
        #{testId},
        #{testTime},
        #{testValue});
    </insert>

    <!-- ==================================================================================== -->
    <!-- 5. Update Statements -->
    <!-- ==================================================================================== -->


    <!-- ==================================================================================== -->
    <!-- 6. Delete Statements -->
    <!-- ==================================================================================== -->
</mapper>